<?xml version="1.0" encoding="UTF-8"?>
<testsuite xmlns:xsi="http://www.w3.org/2001/XMLSchema-instance" xsi:noNamespaceSchemaLocation="https://maven.apache.org/surefire/maven-surefire-plugin/xsd/surefire-test-report.xsd" version="3.0.2" name="com.example.demo.UserServiceTest" time="0.798" tests="6" errors="0" skipped="0" failures="0">
  <properties>
    <property name="java.specification.version" value="17"/>
    <property name="sun.jnu.encoding" value="UTF-8"/>
    <property name="java.class.path" value="/home/bekbolsyn/Загрузки/IntelJ idea Projects/TechProjectWeatherAPI/demo/target/test-classes:/home/bekbolsyn/Загрузки/IntelJ idea Projects/TechProjectWeatherAPI/demo/target/classes:/home/bekbolsyn/.m2/repository/org/modelmapper/modelmapper/3.2.1/modelmapper-3.2.1.jar:/home/bekbolsyn/.m2/repository/com/fasterxml/jackson/core/jackson-databind/2.14.0/jackson-databind-2.14.0.jar:/home/bekbolsyn/.m2/repository/com/fasterxml/jackson/core/jackson-annotations/2.18.2/jackson-annotations-2.18.2.jar:/home/bekbolsyn/.m2/repository/com/fasterxml/jackson/core/jackson-core/2.18.2/jackson-core-2.18.2.jar:/home/bekbolsyn/.m2/repository/com/github/jmnarloch/modelmapper-spring-boot-starter/1.0.1/modelmapper-spring-boot-starter-1.0.1.jar:/home/bekbolsyn/.m2/repository/org/springframework/boot/spring-boot-starter/3.4.2/spring-boot-starter-3.4.2.jar:/home/bekbolsyn/.m2/repository/org/springframework/boot/spring-boot-starter-logging/3.4.2/spring-boot-starter-logging-3.4.2.jar:/home/bekbolsyn/.m2/repository/ch/qos/logback/logback-classic/1.5.16/logback-classic-1.5.16.jar:/home/bekbolsyn/.m2/repository/ch/qos/logback/logback-core/1.5.16/logback-core-1.5.16.jar:/home/bekbolsyn/.m2/repository/org/apache/logging/log4j/log4j-to-slf4j/2.24.3/log4j-to-slf4j-2.24.3.jar:/home/bekbolsyn/.m2/repository/org/apache/logging/log4j/log4j-api/2.24.3/log4j-api-2.24.3.jar:/home/bekbolsyn/.m2/repository/org/slf4j/jul-to-slf4j/2.0.16/jul-to-slf4j-2.0.16.jar:/home/bekbolsyn/.m2/repository/jakarta/annotation/jakarta.annotation-api/2.1.1/jakarta.annotation-api-2.1.1.jar:/home/bekbolsyn/.m2/repository/org/yaml/snakeyaml/2.3/snakeyaml-2.3.jar:/home/bekbolsyn/.m2/repository/org/springframework/boot/spring-boot-devtools/3.4.2/spring-boot-devtools-3.4.2.jar:/home/bekbolsyn/.m2/repository/org/springframework/boot/spring-boot/3.4.2/spring-boot-3.4.2.jar:/home/bekbolsyn/.m2/repository/org/springframework/spring-context/6.2.2/spring-context-6.2.2.jar:/home/bekbolsyn/.m2/repository/org/springframework/boot/spring-boot-autoconfigure/3.4.2/spring-boot-autoconfigure-3.4.2.jar:/home/bekbolsyn/.m2/repository/org/springdoc/springdoc-openapi-starter-webmvc-ui/2.8.2/springdoc-openapi-starter-webmvc-ui-2.8.2.jar:/home/bekbolsyn/.m2/repository/org/springdoc/springdoc-openapi-starter-webmvc-api/2.8.2/springdoc-openapi-starter-webmvc-api-2.8.2.jar:/home/bekbolsyn/.m2/repository/org/springdoc/springdoc-openapi-starter-common/2.8.2/springdoc-openapi-starter-common-2.8.2.jar:/home/bekbolsyn/.m2/repository/io/swagger/core/v3/swagger-core-jakarta/2.2.27/swagger-core-jakarta-2.2.27.jar:/home/bekbolsyn/.m2/repository/org/apache/commons/commons-lang3/3.17.0/commons-lang3-3.17.0.jar:/home/bekbolsyn/.m2/repository/io/swagger/core/v3/swagger-annotations-jakarta/2.2.27/swagger-annotations-jakarta-2.2.27.jar:/home/bekbolsyn/.m2/repository/io/swagger/core/v3/swagger-models-jakarta/2.2.27/swagger-models-jakarta-2.2.27.jar:/home/bekbolsyn/.m2/repository/com/fasterxml/jackson/dataformat/jackson-dataformat-yaml/2.18.2/jackson-dataformat-yaml-2.18.2.jar:/home/bekbolsyn/.m2/repository/org/webjars/swagger-ui/5.18.2/swagger-ui-5.18.2.jar:/home/bekbolsyn/.m2/repository/org/webjars/webjars-locator-lite/1.0.1/webjars-locator-lite-1.0.1.jar:/home/bekbolsyn/.m2/repository/org/jspecify/jspecify/1.0.0/jspecify-1.0.0.jar:/home/bekbolsyn/.m2/repository/org/springframework/boot/spring-boot-starter-data-jpa/3.4.2/spring-boot-starter-data-jpa-3.4.2.jar:/home/bekbolsyn/.m2/repository/org/springframework/boot/spring-boot-starter-jdbc/3.4.2/spring-boot-starter-jdbc-3.4.2.jar:/home/bekbolsyn/.m2/repository/com/zaxxer/HikariCP/5.1.0/HikariCP-5.1.0.jar:/home/bekbolsyn/.m2/repository/org/springframework/spring-jdbc/6.2.2/spring-jdbc-6.2.2.jar:/home/bekbolsyn/.m2/repository/org/hibernate/orm/hibernate-core/6.6.5.Final/hibernate-core-6.6.5.Final.jar:/home/bekbolsyn/.m2/repository/jakarta/persistence/jakarta.persistence-api/3.1.0/jakarta.persistence-api-3.1.0.jar:/home/bekbolsyn/.m2/repository/jakarta/transaction/jakarta.transaction-api/2.0.1/jakarta.transaction-api-2.0.1.jar:/home/bekbolsyn/.m2/repository/org/jboss/logging/jboss-logging/3.6.1.Final/jboss-logging-3.6.1.Final.jar:/home/bekbolsyn/.m2/repository/org/hibernate/common/hibernate-commons-annotations/7.0.3.Final/hibernate-commons-annotations-7.0.3.Final.jar:/home/bekbolsyn/.m2/repository/io/smallrye/jandex/3.2.0/jandex-3.2.0.jar:/home/bekbolsyn/.m2/repository/com/fasterxml/classmate/1.7.0/classmate-1.7.0.jar:/home/bekbolsyn/.m2/repository/net/bytebuddy/byte-buddy/1.15.11/byte-buddy-1.15.11.jar:/home/bekbolsyn/.m2/repository/org/glassfish/jaxb/jaxb-runtime/4.0.5/jaxb-runtime-4.0.5.jar:/home/bekbolsyn/.m2/repository/org/glassfish/jaxb/jaxb-core/4.0.5/jaxb-core-4.0.5.jar:/home/bekbolsyn/.m2/repository/org/eclipse/angus/angus-activation/2.0.2/angus-activation-2.0.2.jar:/home/bekbolsyn/.m2/repository/org/glassfish/jaxb/txw2/4.0.5/txw2-4.0.5.jar:/home/bekbolsyn/.m2/repository/com/sun/istack/istack-commons-runtime/4.1.2/istack-commons-runtime-4.1.2.jar:/home/bekbolsyn/.m2/repository/jakarta/inject/jakarta.inject-api/2.0.1/jakarta.inject-api-2.0.1.jar:/home/bekbolsyn/.m2/repository/org/antlr/antlr4-runtime/4.13.0/antlr4-runtime-4.13.0.jar:/home/bekbolsyn/.m2/repository/org/springframework/data/spring-data-jpa/3.4.2/spring-data-jpa-3.4.2.jar:/home/bekbolsyn/.m2/repository/org/springframework/data/spring-data-commons/3.4.2/spring-data-commons-3.4.2.jar:/home/bekbolsyn/.m2/repository/org/springframework/spring-orm/6.2.2/spring-orm-6.2.2.jar:/home/bekbolsyn/.m2/repository/org/springframework/spring-tx/6.2.2/spring-tx-6.2.2.jar:/home/bekbolsyn/.m2/repository/org/springframework/spring-beans/6.2.2/spring-beans-6.2.2.jar:/home/bekbolsyn/.m2/repository/org/slf4j/slf4j-api/2.0.16/slf4j-api-2.0.16.jar:/home/bekbolsyn/.m2/repository/org/springframework/spring-aspects/6.2.2/spring-aspects-6.2.2.jar:/home/bekbolsyn/.m2/repository/org/aspectj/aspectjweaver/1.9.22.1/aspectjweaver-1.9.22.1.jar:/home/bekbolsyn/.m2/repository/org/springframework/boot/spring-boot-starter-security/3.4.2/spring-boot-starter-security-3.4.2.jar:/home/bekbolsyn/.m2/repository/org/springframework/spring-aop/6.2.2/spring-aop-6.2.2.jar:/home/bekbolsyn/.m2/repository/org/springframework/security/spring-security-config/6.4.2/spring-security-config-6.4.2.jar:/home/bekbolsyn/.m2/repository/org/springframework/security/spring-security-web/6.4.2/spring-security-web-6.4.2.jar:/home/bekbolsyn/.m2/repository/org/springframework/spring-expression/6.2.2/spring-expression-6.2.2.jar:/home/bekbolsyn/.m2/repository/org/springframework/boot/spring-boot-starter-web/3.4.2/spring-boot-starter-web-3.4.2.jar:/home/bekbolsyn/.m2/repository/org/springframework/boot/spring-boot-starter-json/3.4.2/spring-boot-starter-json-3.4.2.jar:/home/bekbolsyn/.m2/repository/com/fasterxml/jackson/datatype/jackson-datatype-jdk8/2.18.2/jackson-datatype-jdk8-2.18.2.jar:/home/bekbolsyn/.m2/repository/com/fasterxml/jackson/datatype/jackson-datatype-jsr310/2.18.2/jackson-datatype-jsr310-2.18.2.jar:/home/bekbolsyn/.m2/repository/com/fasterxml/jackson/module/jackson-module-parameter-names/2.18.2/jackson-module-parameter-names-2.18.2.jar:/home/bekbolsyn/.m2/repository/org/springframework/boot/spring-boot-starter-tomcat/3.4.2/spring-boot-starter-tomcat-3.4.2.jar:/home/bekbolsyn/.m2/repository/org/apache/tomcat/embed/tomcat-embed-core/10.1.34/tomcat-embed-core-10.1.34.jar:/home/bekbolsyn/.m2/repository/org/apache/tomcat/embed/tomcat-embed-websocket/10.1.34/tomcat-embed-websocket-10.1.34.jar:/home/bekbolsyn/.m2/repository/org/springframework/spring-web/6.2.2/spring-web-6.2.2.jar:/home/bekbolsyn/.m2/repository/io/micrometer/micrometer-observation/1.14.3/micrometer-observation-1.14.3.jar:/home/bekbolsyn/.m2/repository/io/micrometer/micrometer-commons/1.14.3/micrometer-commons-1.14.3.jar:/home/bekbolsyn/.m2/repository/org/springframework/spring-webmvc/6.2.2/spring-webmvc-6.2.2.jar:/home/bekbolsyn/.m2/repository/org/projectlombok/lombok/1.18.36/lombok-1.18.36.jar:/home/bekbolsyn/.m2/repository/org/springframework/boot/spring-boot-starter-test/3.4.2/spring-boot-starter-test-3.4.2.jar:/home/bekbolsyn/.m2/repository/org/springframework/boot/spring-boot-test/3.4.2/spring-boot-test-3.4.2.jar:/home/bekbolsyn/.m2/repository/org/springframework/boot/spring-boot-test-autoconfigure/3.4.2/spring-boot-test-autoconfigure-3.4.2.jar:/home/bekbolsyn/.m2/repository/com/jayway/jsonpath/json-path/2.9.0/json-path-2.9.0.jar:/home/bekbolsyn/.m2/repository/jakarta/xml/bind/jakarta.xml.bind-api/4.0.2/jakarta.xml.bind-api-4.0.2.jar:/home/bekbolsyn/.m2/repository/jakarta/activation/jakarta.activation-api/2.1.3/jakarta.activation-api-2.1.3.jar:/home/bekbolsyn/.m2/repository/net/minidev/json-smart/2.5.1/json-smart-2.5.1.jar:/home/bekbolsyn/.m2/repository/net/minidev/accessors-smart/2.5.1/accessors-smart-2.5.1.jar:/home/bekbolsyn/.m2/repository/org/ow2/asm/asm/9.6/asm-9.6.jar:/home/bekbolsyn/.m2/repository/org/assertj/assertj-core/3.26.3/assertj-core-3.26.3.jar:/home/bekbolsyn/.m2/repository/org/awaitility/awaitility/4.2.2/awaitility-4.2.2.jar:/home/bekbolsyn/.m2/repository/org/hamcrest/hamcrest/2.2/hamcrest-2.2.jar:/home/bekbolsyn/.m2/repository/org/junit/jupiter/junit-jupiter/5.11.4/junit-jupiter-5.11.4.jar:/home/bekbolsyn/.m2/repository/org/junit/jupiter/junit-jupiter-api/5.11.4/junit-jupiter-api-5.11.4.jar:/home/bekbolsyn/.m2/repository/org/opentest4j/opentest4j/1.3.0/opentest4j-1.3.0.jar:/home/bekbolsyn/.m2/repository/org/junit/platform/junit-platform-commons/1.11.4/junit-platform-commons-1.11.4.jar:/home/bekbolsyn/.m2/repository/org/apiguardian/apiguardian-api/1.1.2/apiguardian-api-1.1.2.jar:/home/bekbolsyn/.m2/repository/org/junit/jupiter/junit-jupiter-params/5.11.4/junit-jupiter-params-5.11.4.jar:/home/bekbolsyn/.m2/repository/org/junit/jupiter/junit-jupiter-engine/5.11.4/junit-jupiter-engine-5.11.4.jar:/home/bekbolsyn/.m2/repository/org/junit/platform/junit-platform-engine/1.11.4/junit-platform-engine-1.11.4.jar:/home/bekbolsyn/.m2/repository/org/mockito/mockito-core/5.14.2/mockito-core-5.14.2.jar:/home/bekbolsyn/.m2/repository/net/bytebuddy/byte-buddy-agent/1.15.11/byte-buddy-agent-1.15.11.jar:/home/bekbolsyn/.m2/repository/org/objenesis/objenesis/3.3/objenesis-3.3.jar:/home/bekbolsyn/.m2/repository/org/mockito/mockito-junit-jupiter/5.14.2/mockito-junit-jupiter-5.14.2.jar:/home/bekbolsyn/.m2/repository/org/skyscreamer/jsonassert/1.5.3/jsonassert-1.5.3.jar:/home/bekbolsyn/.m2/repository/com/vaadin/external/google/android-json/0.0.20131108.vaadin1/android-json-0.0.20131108.vaadin1.jar:/home/bekbolsyn/.m2/repository/org/springframework/spring-core/6.2.2/spring-core-6.2.2.jar:/home/bekbolsyn/.m2/repository/org/springframework/spring-jcl/6.2.2/spring-jcl-6.2.2.jar:/home/bekbolsyn/.m2/repository/org/springframework/spring-test/6.2.2/spring-test-6.2.2.jar:/home/bekbolsyn/.m2/repository/org/xmlunit/xmlunit-core/2.10.0/xmlunit-core-2.10.0.jar:/home/bekbolsyn/.m2/repository/org/springframework/security/spring-security-test/6.4.2/spring-security-test-6.4.2.jar:/home/bekbolsyn/.m2/repository/org/springframework/security/spring-security-core/6.4.2/spring-security-core-6.4.2.jar:/home/bekbolsyn/.m2/repository/org/springframework/security/spring-security-crypto/6.4.2/spring-security-crypto-6.4.2.jar:/home/bekbolsyn/.m2/repository/org/springframework/boot/spring-boot-starter-validation/3.4.2/spring-boot-starter-validation-3.4.2.jar:/home/bekbolsyn/.m2/repository/org/apache/tomcat/embed/tomcat-embed-el/10.1.34/tomcat-embed-el-10.1.34.jar:/home/bekbolsyn/.m2/repository/org/hibernate/validator/hibernate-validator/8.0.2.Final/hibernate-validator-8.0.2.Final.jar:/home/bekbolsyn/.m2/repository/jakarta/validation/jakarta.validation-api/3.0.2/jakarta.validation-api-3.0.2.jar:/home/bekbolsyn/.m2/repository/org/postgresql/postgresql/42.7.5/postgresql-42.7.5.jar:/home/bekbolsyn/.m2/repository/org/checkerframework/checker-qual/3.48.3/checker-qual-3.48.3.jar:/home/bekbolsyn/.m2/repository/io/jsonwebtoken/jjwt-jackson/0.12.5/jjwt-jackson-0.12.5.jar:/home/bekbolsyn/.m2/repository/io/jsonwebtoken/jjwt-impl/0.12.5/jjwt-impl-0.12.5.jar:/home/bekbolsyn/.m2/repository/io/jsonwebtoken/jjwt-api/0.12.5/jjwt-api-0.12.5.jar:"/>
    <property name="java.vm.vendor" value="Amazon.com Inc."/>
    <property name="sun.arch.data.model" value="64"/>
    <property name="java.vendor.url" value="https://aws.amazon.com/corretto/"/>
    <property name="user.timezone" value="Asia/Almaty"/>
    <property name="os.name" value="Linux"/>
    <property name="java.vm.specification.version" value="17"/>
    <property name="sun.java.launcher" value="SUN_STANDARD"/>
    <property name="user.country" value="RU"/>
    <property name="sun.boot.library.path" value="/home/bekbolsyn/.jdks/corretto-17.0.14/lib"/>
    <property name="sun.java.command" value="/home/bekbolsyn/Загрузки/IntelJ idea Projects/TechProjectWeatherAPI/demo/target/surefire/surefirebooter-20250206222117844_3.jar /home/bekbolsyn/Загрузки/IntelJ idea Projects/TechProjectWeatherAPI/demo/target/surefire 2025-02-06T22-21-17_788-jvmRun1 surefire-20250206222117844_1tmp surefire_0-20250206222117844_2tmp"/>
    <property name="jdk.debug" value="release"/>
    <property name="surefire.test.class.path" value="/home/bekbolsyn/Загрузки/IntelJ idea Projects/TechProjectWeatherAPI/demo/target/test-classes:/home/bekbolsyn/Загрузки/IntelJ idea Projects/TechProjectWeatherAPI/demo/target/classes:/home/bekbolsyn/.m2/repository/org/modelmapper/modelmapper/3.2.1/modelmapper-3.2.1.jar:/home/bekbolsyn/.m2/repository/com/fasterxml/jackson/core/jackson-databind/2.14.0/jackson-databind-2.14.0.jar:/home/bekbolsyn/.m2/repository/com/fasterxml/jackson/core/jackson-annotations/2.18.2/jackson-annotations-2.18.2.jar:/home/bekbolsyn/.m2/repository/com/fasterxml/jackson/core/jackson-core/2.18.2/jackson-core-2.18.2.jar:/home/bekbolsyn/.m2/repository/com/github/jmnarloch/modelmapper-spring-boot-starter/1.0.1/modelmapper-spring-boot-starter-1.0.1.jar:/home/bekbolsyn/.m2/repository/org/springframework/boot/spring-boot-starter/3.4.2/spring-boot-starter-3.4.2.jar:/home/bekbolsyn/.m2/repository/org/springframework/boot/spring-boot-starter-logging/3.4.2/spring-boot-starter-logging-3.4.2.jar:/home/bekbolsyn/.m2/repository/ch/qos/logback/logback-classic/1.5.16/logback-classic-1.5.16.jar:/home/bekbolsyn/.m2/repository/ch/qos/logback/logback-core/1.5.16/logback-core-1.5.16.jar:/home/bekbolsyn/.m2/repository/org/apache/logging/log4j/log4j-to-slf4j/2.24.3/log4j-to-slf4j-2.24.3.jar:/home/bekbolsyn/.m2/repository/org/apache/logging/log4j/log4j-api/2.24.3/log4j-api-2.24.3.jar:/home/bekbolsyn/.m2/repository/org/slf4j/jul-to-slf4j/2.0.16/jul-to-slf4j-2.0.16.jar:/home/bekbolsyn/.m2/repository/jakarta/annotation/jakarta.annotation-api/2.1.1/jakarta.annotation-api-2.1.1.jar:/home/bekbolsyn/.m2/repository/org/yaml/snakeyaml/2.3/snakeyaml-2.3.jar:/home/bekbolsyn/.m2/repository/org/springframework/boot/spring-boot-devtools/3.4.2/spring-boot-devtools-3.4.2.jar:/home/bekbolsyn/.m2/repository/org/springframework/boot/spring-boot/3.4.2/spring-boot-3.4.2.jar:/home/bekbolsyn/.m2/repository/org/springframework/spring-context/6.2.2/spring-context-6.2.2.jar:/home/bekbolsyn/.m2/repository/org/springframework/boot/spring-boot-autoconfigure/3.4.2/spring-boot-autoconfigure-3.4.2.jar:/home/bekbolsyn/.m2/repository/org/springdoc/springdoc-openapi-starter-webmvc-ui/2.8.2/springdoc-openapi-starter-webmvc-ui-2.8.2.jar:/home/bekbolsyn/.m2/repository/org/springdoc/springdoc-openapi-starter-webmvc-api/2.8.2/springdoc-openapi-starter-webmvc-api-2.8.2.jar:/home/bekbolsyn/.m2/repository/org/springdoc/springdoc-openapi-starter-common/2.8.2/springdoc-openapi-starter-common-2.8.2.jar:/home/bekbolsyn/.m2/repository/io/swagger/core/v3/swagger-core-jakarta/2.2.27/swagger-core-jakarta-2.2.27.jar:/home/bekbolsyn/.m2/repository/org/apache/commons/commons-lang3/3.17.0/commons-lang3-3.17.0.jar:/home/bekbolsyn/.m2/repository/io/swagger/core/v3/swagger-annotations-jakarta/2.2.27/swagger-annotations-jakarta-2.2.27.jar:/home/bekbolsyn/.m2/repository/io/swagger/core/v3/swagger-models-jakarta/2.2.27/swagger-models-jakarta-2.2.27.jar:/home/bekbolsyn/.m2/repository/com/fasterxml/jackson/dataformat/jackson-dataformat-yaml/2.18.2/jackson-dataformat-yaml-2.18.2.jar:/home/bekbolsyn/.m2/repository/org/webjars/swagger-ui/5.18.2/swagger-ui-5.18.2.jar:/home/bekbolsyn/.m2/repository/org/webjars/webjars-locator-lite/1.0.1/webjars-locator-lite-1.0.1.jar:/home/bekbolsyn/.m2/repository/org/jspecify/jspecify/1.0.0/jspecify-1.0.0.jar:/home/bekbolsyn/.m2/repository/org/springframework/boot/spring-boot-starter-data-jpa/3.4.2/spring-boot-starter-data-jpa-3.4.2.jar:/home/bekbolsyn/.m2/repository/org/springframework/boot/spring-boot-starter-jdbc/3.4.2/spring-boot-starter-jdbc-3.4.2.jar:/home/bekbolsyn/.m2/repository/com/zaxxer/HikariCP/5.1.0/HikariCP-5.1.0.jar:/home/bekbolsyn/.m2/repository/org/springframework/spring-jdbc/6.2.2/spring-jdbc-6.2.2.jar:/home/bekbolsyn/.m2/repository/org/hibernate/orm/hibernate-core/6.6.5.Final/hibernate-core-6.6.5.Final.jar:/home/bekbolsyn/.m2/repository/jakarta/persistence/jakarta.persistence-api/3.1.0/jakarta.persistence-api-3.1.0.jar:/home/bekbolsyn/.m2/repository/jakarta/transaction/jakarta.transaction-api/2.0.1/jakarta.transaction-api-2.0.1.jar:/home/bekbolsyn/.m2/repository/org/jboss/logging/jboss-logging/3.6.1.Final/jboss-logging-3.6.1.Final.jar:/home/bekbolsyn/.m2/repository/org/hibernate/common/hibernate-commons-annotations/7.0.3.Final/hibernate-commons-annotations-7.0.3.Final.jar:/home/bekbolsyn/.m2/repository/io/smallrye/jandex/3.2.0/jandex-3.2.0.jar:/home/bekbolsyn/.m2/repository/com/fasterxml/classmate/1.7.0/classmate-1.7.0.jar:/home/bekbolsyn/.m2/repository/net/bytebuddy/byte-buddy/1.15.11/byte-buddy-1.15.11.jar:/home/bekbolsyn/.m2/repository/org/glassfish/jaxb/jaxb-runtime/4.0.5/jaxb-runtime-4.0.5.jar:/home/bekbolsyn/.m2/repository/org/glassfish/jaxb/jaxb-core/4.0.5/jaxb-core-4.0.5.jar:/home/bekbolsyn/.m2/repository/org/eclipse/angus/angus-activation/2.0.2/angus-activation-2.0.2.jar:/home/bekbolsyn/.m2/repository/org/glassfish/jaxb/txw2/4.0.5/txw2-4.0.5.jar:/home/bekbolsyn/.m2/repository/com/sun/istack/istack-commons-runtime/4.1.2/istack-commons-runtime-4.1.2.jar:/home/bekbolsyn/.m2/repository/jakarta/inject/jakarta.inject-api/2.0.1/jakarta.inject-api-2.0.1.jar:/home/bekbolsyn/.m2/repository/org/antlr/antlr4-runtime/4.13.0/antlr4-runtime-4.13.0.jar:/home/bekbolsyn/.m2/repository/org/springframework/data/spring-data-jpa/3.4.2/spring-data-jpa-3.4.2.jar:/home/bekbolsyn/.m2/repository/org/springframework/data/spring-data-commons/3.4.2/spring-data-commons-3.4.2.jar:/home/bekbolsyn/.m2/repository/org/springframework/spring-orm/6.2.2/spring-orm-6.2.2.jar:/home/bekbolsyn/.m2/repository/org/springframework/spring-tx/6.2.2/spring-tx-6.2.2.jar:/home/bekbolsyn/.m2/repository/org/springframework/spring-beans/6.2.2/spring-beans-6.2.2.jar:/home/bekbolsyn/.m2/repository/org/slf4j/slf4j-api/2.0.16/slf4j-api-2.0.16.jar:/home/bekbolsyn/.m2/repository/org/springframework/spring-aspects/6.2.2/spring-aspects-6.2.2.jar:/home/bekbolsyn/.m2/repository/org/aspectj/aspectjweaver/1.9.22.1/aspectjweaver-1.9.22.1.jar:/home/bekbolsyn/.m2/repository/org/springframework/boot/spring-boot-starter-security/3.4.2/spring-boot-starter-security-3.4.2.jar:/home/bekbolsyn/.m2/repository/org/springframework/spring-aop/6.2.2/spring-aop-6.2.2.jar:/home/bekbolsyn/.m2/repository/org/springframework/security/spring-security-config/6.4.2/spring-security-config-6.4.2.jar:/home/bekbolsyn/.m2/repository/org/springframework/security/spring-security-web/6.4.2/spring-security-web-6.4.2.jar:/home/bekbolsyn/.m2/repository/org/springframework/spring-expression/6.2.2/spring-expression-6.2.2.jar:/home/bekbolsyn/.m2/repository/org/springframework/boot/spring-boot-starter-web/3.4.2/spring-boot-starter-web-3.4.2.jar:/home/bekbolsyn/.m2/repository/org/springframework/boot/spring-boot-starter-json/3.4.2/spring-boot-starter-json-3.4.2.jar:/home/bekbolsyn/.m2/repository/com/fasterxml/jackson/datatype/jackson-datatype-jdk8/2.18.2/jackson-datatype-jdk8-2.18.2.jar:/home/bekbolsyn/.m2/repository/com/fasterxml/jackson/datatype/jackson-datatype-jsr310/2.18.2/jackson-datatype-jsr310-2.18.2.jar:/home/bekbolsyn/.m2/repository/com/fasterxml/jackson/module/jackson-module-parameter-names/2.18.2/jackson-module-parameter-names-2.18.2.jar:/home/bekbolsyn/.m2/repository/org/springframework/boot/spring-boot-starter-tomcat/3.4.2/spring-boot-starter-tomcat-3.4.2.jar:/home/bekbolsyn/.m2/repository/org/apache/tomcat/embed/tomcat-embed-core/10.1.34/tomcat-embed-core-10.1.34.jar:/home/bekbolsyn/.m2/repository/org/apache/tomcat/embed/tomcat-embed-websocket/10.1.34/tomcat-embed-websocket-10.1.34.jar:/home/bekbolsyn/.m2/repository/org/springframework/spring-web/6.2.2/spring-web-6.2.2.jar:/home/bekbolsyn/.m2/repository/io/micrometer/micrometer-observation/1.14.3/micrometer-observation-1.14.3.jar:/home/bekbolsyn/.m2/repository/io/micrometer/micrometer-commons/1.14.3/micrometer-commons-1.14.3.jar:/home/bekbolsyn/.m2/repository/org/springframework/spring-webmvc/6.2.2/spring-webmvc-6.2.2.jar:/home/bekbolsyn/.m2/repository/org/projectlombok/lombok/1.18.36/lombok-1.18.36.jar:/home/bekbolsyn/.m2/repository/org/springframework/boot/spring-boot-starter-test/3.4.2/spring-boot-starter-test-3.4.2.jar:/home/bekbolsyn/.m2/repository/org/springframework/boot/spring-boot-test/3.4.2/spring-boot-test-3.4.2.jar:/home/bekbolsyn/.m2/repository/org/springframework/boot/spring-boot-test-autoconfigure/3.4.2/spring-boot-test-autoconfigure-3.4.2.jar:/home/bekbolsyn/.m2/repository/com/jayway/jsonpath/json-path/2.9.0/json-path-2.9.0.jar:/home/bekbolsyn/.m2/repository/jakarta/xml/bind/jakarta.xml.bind-api/4.0.2/jakarta.xml.bind-api-4.0.2.jar:/home/bekbolsyn/.m2/repository/jakarta/activation/jakarta.activation-api/2.1.3/jakarta.activation-api-2.1.3.jar:/home/bekbolsyn/.m2/repository/net/minidev/json-smart/2.5.1/json-smart-2.5.1.jar:/home/bekbolsyn/.m2/repository/net/minidev/accessors-smart/2.5.1/accessors-smart-2.5.1.jar:/home/bekbolsyn/.m2/repository/org/ow2/asm/asm/9.6/asm-9.6.jar:/home/bekbolsyn/.m2/repository/org/assertj/assertj-core/3.26.3/assertj-core-3.26.3.jar:/home/bekbolsyn/.m2/repository/org/awaitility/awaitility/4.2.2/awaitility-4.2.2.jar:/home/bekbolsyn/.m2/repository/org/hamcrest/hamcrest/2.2/hamcrest-2.2.jar:/home/bekbolsyn/.m2/repository/org/junit/jupiter/junit-jupiter/5.11.4/junit-jupiter-5.11.4.jar:/home/bekbolsyn/.m2/repository/org/junit/jupiter/junit-jupiter-api/5.11.4/junit-jupiter-api-5.11.4.jar:/home/bekbolsyn/.m2/repository/org/opentest4j/opentest4j/1.3.0/opentest4j-1.3.0.jar:/home/bekbolsyn/.m2/repository/org/junit/platform/junit-platform-commons/1.11.4/junit-platform-commons-1.11.4.jar:/home/bekbolsyn/.m2/repository/org/apiguardian/apiguardian-api/1.1.2/apiguardian-api-1.1.2.jar:/home/bekbolsyn/.m2/repository/org/junit/jupiter/junit-jupiter-params/5.11.4/junit-jupiter-params-5.11.4.jar:/home/bekbolsyn/.m2/repository/org/junit/jupiter/junit-jupiter-engine/5.11.4/junit-jupiter-engine-5.11.4.jar:/home/bekbolsyn/.m2/repository/org/junit/platform/junit-platform-engine/1.11.4/junit-platform-engine-1.11.4.jar:/home/bekbolsyn/.m2/repository/org/mockito/mockito-core/5.14.2/mockito-core-5.14.2.jar:/home/bekbolsyn/.m2/repository/net/bytebuddy/byte-buddy-agent/1.15.11/byte-buddy-agent-1.15.11.jar:/home/bekbolsyn/.m2/repository/org/objenesis/objenesis/3.3/objenesis-3.3.jar:/home/bekbolsyn/.m2/repository/org/mockito/mockito-junit-jupiter/5.14.2/mockito-junit-jupiter-5.14.2.jar:/home/bekbolsyn/.m2/repository/org/skyscreamer/jsonassert/1.5.3/jsonassert-1.5.3.jar:/home/bekbolsyn/.m2/repository/com/vaadin/external/google/android-json/0.0.20131108.vaadin1/android-json-0.0.20131108.vaadin1.jar:/home/bekbolsyn/.m2/repository/org/springframework/spring-core/6.2.2/spring-core-6.2.2.jar:/home/bekbolsyn/.m2/repository/org/springframework/spring-jcl/6.2.2/spring-jcl-6.2.2.jar:/home/bekbolsyn/.m2/repository/org/springframework/spring-test/6.2.2/spring-test-6.2.2.jar:/home/bekbolsyn/.m2/repository/org/xmlunit/xmlunit-core/2.10.0/xmlunit-core-2.10.0.jar:/home/bekbolsyn/.m2/repository/org/springframework/security/spring-security-test/6.4.2/spring-security-test-6.4.2.jar:/home/bekbolsyn/.m2/repository/org/springframework/security/spring-security-core/6.4.2/spring-security-core-6.4.2.jar:/home/bekbolsyn/.m2/repository/org/springframework/security/spring-security-crypto/6.4.2/spring-security-crypto-6.4.2.jar:/home/bekbolsyn/.m2/repository/org/springframework/boot/spring-boot-starter-validation/3.4.2/spring-boot-starter-validation-3.4.2.jar:/home/bekbolsyn/.m2/repository/org/apache/tomcat/embed/tomcat-embed-el/10.1.34/tomcat-embed-el-10.1.34.jar:/home/bekbolsyn/.m2/repository/org/hibernate/validator/hibernate-validator/8.0.2.Final/hibernate-validator-8.0.2.Final.jar:/home/bekbolsyn/.m2/repository/jakarta/validation/jakarta.validation-api/3.0.2/jakarta.validation-api-3.0.2.jar:/home/bekbolsyn/.m2/repository/org/postgresql/postgresql/42.7.5/postgresql-42.7.5.jar:/home/bekbolsyn/.m2/repository/org/checkerframework/checker-qual/3.48.3/checker-qual-3.48.3.jar:/home/bekbolsyn/.m2/repository/io/jsonwebtoken/jjwt-jackson/0.12.5/jjwt-jackson-0.12.5.jar:/home/bekbolsyn/.m2/repository/io/jsonwebtoken/jjwt-impl/0.12.5/jjwt-impl-0.12.5.jar:/home/bekbolsyn/.m2/repository/io/jsonwebtoken/jjwt-api/0.12.5/jjwt-api-0.12.5.jar:"/>
    <property name="sun.cpu.endian" value="little"/>
    <property name="user.home" value="/home/bekbolsyn"/>
    <property name="user.language" value="ru"/>
    <property name="java.specification.vendor" value="Oracle Corporation"/>
    <property name="java.version.date" value="2025-01-21"/>
    <property name="java.home" value="/home/bekbolsyn/.jdks/corretto-17.0.14"/>
    <property name="file.separator" value="/"/>
    <property name="basedir" value="/home/bekbolsyn/Загрузки/IntelJ idea Projects/TechProjectWeatherAPI/demo"/>
    <property name="java.vm.compressedOopsMode" value="32-bit"/>
    <property name="line.separator" value="&#10;"/>
    <property name="java.specification.name" value="Java Platform API Specification"/>
    <property name="java.vm.specification.vendor" value="Oracle Corporation"/>
    <property name="surefire.real.class.path" value="/home/bekbolsyn/Загрузки/IntelJ idea Projects/TechProjectWeatherAPI/demo/target/surefire/surefirebooter-20250206222117844_3.jar"/>
    <property name="sun.management.compiler" value="HotSpot 64-Bit Tiered Compilers"/>
    <property name="java.runtime.version" value="17.0.14+7-LTS"/>
    <property name="user.name" value="bekbolsyn"/>
    <property name="path.separator" value=":"/>
    <property name="os.version" value="6.8.0-52-generic"/>
    <property name="java.runtime.name" value="OpenJDK Runtime Environment"/>
    <property name="file.encoding" value="UTF-8"/>
    <property name="java.vm.name" value="OpenJDK 64-Bit Server VM"/>
    <property name="java.vendor.version" value="Corretto-17.0.14.7.1"/>
    <property name="localRepository" value="/home/bekbolsyn/.m2/repository"/>
    <property name="java.vendor.url.bug" value="https://github.com/corretto/corretto-17/issues/"/>
    <property name="java.io.tmpdir" value="/tmp"/>
    <property name="idea.version" value="2024.3.2.2"/>
    <property name="java.version" value="17.0.14"/>
    <property name="user.dir" value="/home/bekbolsyn/Загрузки/IntelJ idea Projects/TechProjectWeatherAPI/demo"/>
    <property name="os.arch" value="amd64"/>
    <property name="java.vm.specification.name" value="Java Virtual Machine Specification"/>
    <property name="native.encoding" value="UTF-8"/>
    <property name="java.library.path" value="/usr/java/packages/lib:/usr/lib64:/lib64:/lib:/usr/lib"/>
    <property name="java.vm.info" value="mixed mode, sharing"/>
    <property name="java.vendor" value="Amazon.com Inc."/>
    <property name="java.vm.version" value="17.0.14+7-LTS"/>
    <property name="java.specification.maintenance.version" value="1"/>
    <property name="sun.io.unicode.encoding" value="UnicodeLittle"/>
    <property name="java.class.version" value="61.0"/>
  </properties>
  <testcase name="testRegister_UserCreatedSuccessfully" classname="com.example.demo.UserServiceTest" time="0.757"/>
  <testcase name="testLogin_UserNotFound" classname="com.example.demo.UserServiceTest" time="0.006"/>
  <testcase name="testChangeRoleById_UserNotFound" classname="com.example.demo.UserServiceTest" time="0.006"/>
  <testcase name="testRegister_UserAlreadyExists" classname="com.example.demo.UserServiceTest" time="0.004"/>
  <testcase name="testChangeRoleById_UserFound" classname="com.example.demo.UserServiceTest" time="0.004"/>
  <testcase name="testLogin_Successful" classname="com.example.demo.UserServiceTest" time="0.005"/>
</testsuite>